2018-08-31 03:22:38,907 INFO loginWxView.py loginTask (line:85)[992][Thread-70][insert into wxAuto.wx_task_manage(taskSeq,uuid,actionType,createTime,priority,status)values('1535685759522',(select uuid from wx_account_info where wx_login_id='y52073733'),19,now(),0,1)]
2018-08-31 09:22:43,846 INFO loginWxView.py loginTask (line:85)[992][Thread-558][insert into wxAuto.wx_task_manage(taskSeq,uuid,actionType,createTime,priority,status)values('1535707364549',(select uuid from wx_account_info where wx_login_id='dark3693'),19,now(),0,1)]
2018-08-31 09:23:16,529 INFO loginWxView.py loginTask (line:85)[992][Thread-581][insert into wxAuto.wx_task_manage(taskSeq,uuid,actionType,createTime,priority,status)values('1535707397032',(select uuid from wx_account_info where wx_login_id='linlinyu0931'),19,now(),0,1)]
2018-08-31 16:23:11,873 INFO loginWxView.py loginTask (line:85)[650][Thread-39][insert into wxAuto.wx_task_manage(taskSeq,uuid,actionType,createTime,priority,status)values('1535732592563',(select uuid from wx_account_info where wx_login_id='y52073733'),19,now(),0,1)]
2018-08-31 16:27:42,547 INFO loginWxView.py loginTask (line:85)[650][Thread-141][insert into wxAuto.wx_task_manage(taskSeq,uuid,actionType,createTime,priority,status)values('1535732863308',(select uuid from wx_account_info where wx_login_id='xiaobamu001'),19,now(),0,1)]
2018-08-31 16:49:16,685 INFO loginWxView.py loginTask (line:85)[650][Thread-228][insert into wxAuto.wx_task_manage(taskSeq,uuid,actionType,createTime,priority,status)values('1535734156812',(select uuid from wx_account_info where wx_login_id='xiaobamu001'),19,now(),0,1)]
2018-08-31 16:52:06,711 INFO loginWxView.py logoutTask (line:137)[650][Thread-302][select if_start from wx_account_info where wx_login_id='xiaobamu001']
2018-08-31 16:52:07,899 INFO loginWxView.py logoutTask (line:154)[650][Thread-302][insert into wxAuto.wx_task_manage(taskSeq,uuid,actionType,createTime,priority,status)values('1535734328791',(select uuid from wx_account_info where wx_login_id='xiaobamu001'),20,now(),0,1)]
2018-08-31 16:52:08,672 INFO loginWxView.py logoutTask (line:157)[650][Thread-302][insert into wxAuto.wx_login_task(taskSeq,wx_id,type)VALUES (1535734328791,'xiaobamu001','0') ]
2018-08-31 16:56:42,016 INFO loginWxView.py loginTask (line:85)[650][Thread-542][insert into wxAuto.wx_task_manage(taskSeq,uuid,actionType,createTime,priority,status)values('1535734602958',(select uuid from wx_account_info where wx_login_id='y52073733'),19,now(),0,1)]
2018-08-31 16:57:22,183 INFO loginWxView.py loginTask (line:85)[650][Thread-606][insert into wxAuto.wx_task_manage(taskSeq,uuid,actionType,createTime,priority,status)values('1535734642395',(select uuid from wx_account_info where wx_login_id='718997903'),19,now(),0,1)]
2018-08-31 16:57:39,584 INFO loginWxView.py loginTask (line:85)[650][Thread-609][insert into wxAuto.wx_task_manage(taskSeq,uuid,actionType,createTime,priority,status)values('1535734660120',(select uuid from wx_account_info where wx_login_id='718997903'),19,now(),0,1)]
2018-08-31 16:58:04,994 INFO loginWxView.py logoutTask (line:137)[650][Thread-677][select if_start from wx_account_info where wx_login_id='718997903']
2018-08-31 16:58:06,138 INFO loginWxView.py logoutTask (line:154)[650][Thread-677][insert into wxAuto.wx_task_manage(taskSeq,uuid,actionType,createTime,priority,status)values('1535734686547',(select uuid from wx_account_info where wx_login_id='718997903'),20,now(),0,1)]
2018-08-31 16:58:06,879 INFO loginWxView.py logoutTask (line:157)[650][Thread-677][insert into wxAuto.wx_login_task(taskSeq,wx_id,type)VALUES (1535734686547,'718997903','0') ]
2018-08-31 17:15:07,518 INFO loginWxView.py loginTask (line:85)[650][Thread-1144][insert into wxAuto.wx_task_manage(taskSeq,uuid,actionType,createTime,priority,status)values('1535735708321',(select uuid from wx_account_info where wx_login_id='linlinyu0931'),19,now(),0,1)]
2018-08-31 17:19:33,634 INFO loginWxView.py loginTask (line:85)[650][Thread-1383][insert into wxAuto.wx_task_manage(taskSeq,uuid,actionType,createTime,priority,status)values('1535735974418',(select uuid from wx_account_info where wx_login_id='718997903'),19,now(),0,1)]
2018-08-31 17:22:16,596 INFO loginWxView.py logoutTask (line:137)[650][Thread-1525][select if_start from wx_account_info where wx_login_id='718997903']
2018-08-31 17:22:17,768 INFO loginWxView.py logoutTask (line:154)[650][Thread-1525][insert into wxAuto.wx_task_manage(taskSeq,uuid,actionType,createTime,priority,status)values('1535736138184',(select uuid from wx_account_info where wx_login_id='718997903'),20,now(),0,1)]
2018-08-31 17:22:18,497 INFO loginWxView.py logoutTask (line:157)[650][Thread-1525][insert into wxAuto.wx_login_task(taskSeq,wx_id,type)VALUES (1535736138184,'718997903','0') ]
2018-08-31 17:22:39,744 INFO loginWxView.py loginTask (line:85)[650][Thread-1538][insert into wxAuto.wx_task_manage(taskSeq,uuid,actionType,createTime,priority,status)values('1535736159974',(select uuid from wx_account_info where wx_login_id='718997903'),19,now(),0,1)]
2018-08-31 17:23:48,557 INFO loginWxView.py logoutTask (line:137)[650][Thread-1556][select if_start from wx_account_info where wx_login_id='718997903']
2018-08-31 17:23:49,741 INFO loginWxView.py logoutTask (line:154)[650][Thread-1556][insert into wxAuto.wx_task_manage(taskSeq,uuid,actionType,createTime,priority,status)values('1535736230015',(select uuid from wx_account_info where wx_login_id='718997903'),20,now(),0,1)]
2018-08-31 17:23:50,451 INFO loginWxView.py logoutTask (line:157)[650][Thread-1556][insert into wxAuto.wx_login_task(taskSeq,wx_id,type)VALUES (1535736230015,'718997903','0') ]
2018-08-31 17:24:32,729 INFO loginWxView.py loginTask (line:85)[650][Thread-1584][insert into wxAuto.wx_task_manage(taskSeq,uuid,actionType,createTime,priority,status)values('1535736273474',(select uuid from wx_account_info where wx_login_id='zaza3693'),19,now(),0,1)]
2018-08-31 17:24:46,907 INFO loginWxView.py loginTask (line:85)[650][Thread-1587][insert into wxAuto.wx_task_manage(taskSeq,uuid,actionType,createTime,priority,status)values('1535736287157',(select uuid from wx_account_info where wx_login_id='dark3693'),19,now(),0,1)]
2018-08-31 17:26:14,262 INFO loginWxView.py logoutTask (line:137)[650][Thread-1602][select if_start from wx_account_info where wx_login_id='718997903']
2018-08-31 17:26:15,423 INFO loginWxView.py logoutTask (line:154)[650][Thread-1602][insert into wxAuto.wx_task_manage(taskSeq,uuid,actionType,createTime,priority,status)values('1535736376164',(select uuid from wx_account_info where wx_login_id='718997903'),20,now(),0,1)]
2018-08-31 17:26:16,189 INFO loginWxView.py logoutTask (line:157)[650][Thread-1602][insert into wxAuto.wx_login_task(taskSeq,wx_id,type)VALUES (1535736376164,'718997903','0') ]
2018-08-31 17:26:25,956 INFO loginWxView.py loginTask (line:85)[650][Thread-1604][insert into wxAuto.wx_task_manage(taskSeq,uuid,actionType,createTime,priority,status)values('1535736386107',(select uuid from wx_account_info where wx_login_id='wxid_n04l4twsdjeu12'),19,now(),0,1)]
2018-08-31 17:27:00,323 INFO loginWxView.py loginTask (line:85)[650][Thread-1627][insert into wxAuto.wx_task_manage(taskSeq,uuid,actionType,createTime,priority,status)values('1535736420954',(select uuid from wx_account_info where wx_login_id='wxid_n04l4twsdjeu12'),19,now(),0,1)]
2018-08-31 17:27:32,625 INFO loginWxView.py loginTask (line:85)[650][Thread-1704][insert into wxAuto.wx_task_manage(taskSeq,uuid,actionType,createTime,priority,status)values('1535736452962',(select uuid from wx_account_info where wx_login_id='zaza3693'),19,now(),0,1)]
2018-08-31 17:27:58,995 INFO loginWxView.py loginTask (line:85)[650][Thread-1778][insert into wxAuto.wx_task_manage(taskSeq,uuid,actionType,createTime,priority,status)values('1535736479239',(select uuid from wx_account_info where wx_login_id='nanian3693'),19,now(),0,1)]
2018-09-03 03:02:02,832 INFO loginWxView.py loginTask (line:85)[1224][Thread-61][insert into wxAuto.wx_task_manage(taskSeq,uuid,actionType,createTime,priority,status)values('1535943723387',(select uuid from wx_account_info where wx_login_id='F13168370472'),19,now(),0,1)]
2018-09-03 03:04:38,206 INFO loginWxView.py loginTask (line:85)[1224][Thread-139][insert into wxAuto.wx_task_manage(taskSeq,uuid,actionType,createTime,priority,status)values('1535943878402',(select uuid from wx_account_info where wx_login_id='718997903'),19,now(),0,1)]
2018-09-03 03:06:37,649 INFO loginWxView.py loginTask (line:85)[1224][Thread-223][insert into wxAuto.wx_task_manage(taskSeq,uuid,actionType,createTime,priority,status)values('1535943998275',(select uuid from wx_account_info where wx_login_id='y52073733'),19,now(),0,1)]
2018-09-03 03:07:49,530 INFO loginWxView.py logoutTask (line:137)[1224][Thread-292][select if_start from wx_account_info where wx_login_id='718997903']
2018-09-03 03:07:49,757 INFO loginWxView.py logoutTask (line:154)[1224][Thread-292][insert into wxAuto.wx_task_manage(taskSeq,uuid,actionType,createTime,priority,status)values('1535944069958',(select uuid from wx_account_info where wx_login_id='718997903'),20,now(),0,1)]
2018-09-03 03:07:49,930 INFO loginWxView.py logoutTask (line:157)[1224][Thread-292][insert into wxAuto.wx_login_task(taskSeq,wx_id,type)VALUES (1535944069958,'718997903','0') ]
2018-09-03 03:13:35,597 INFO loginWxView.py loginTask (line:85)[1224][Thread-577][insert into wxAuto.wx_task_manage(taskSeq,uuid,actionType,createTime,priority,status)values('1535944416307',(select uuid from wx_account_info where wx_login_id='future-in7'),19,now(),0,1)]
2018-09-03 06:25:18,793 INFO loginWxView.py loginTask (line:85)[1224][Thread-796][insert into wxAuto.wx_task_manage(taskSeq,uuid,actionType,createTime,priority,status)values('1535955919590',(select uuid from wx_account_info where wx_login_id='718997903'),19,now(),0,1)]
2018-09-03 06:34:21,792 INFO loginWxView.py loginTask (line:85)[1224][Thread-1269][insert into wxAuto.wx_task_manage(taskSeq,uuid,actionType,createTime,priority,status)values('1535956462364',(select uuid from wx_account_info where wx_login_id='y52073733'),19,now(),0,1)]
2018-09-03 06:40:27,587 INFO loginWxView.py loginTask (line:85)[1804][Thread-14][insert into wxAuto.wx_task_manage(taskSeq,uuid,actionType,createTime,priority,status)values('1535956828418',(select uuid from wx_account_info where wx_login_id='718997903'),19,now(),0,1)]
2018-09-03 06:41:38,332 INFO loginWxView.py loginTask (line:85)[1804][Thread-47][insert into wxAuto.wx_task_manage(taskSeq,uuid,actionType,createTime,priority,status)values('1535956898776',(select uuid from wx_account_info where wx_login_id='future-in7'),19,now(),0,1)]
2018-09-03 06:45:16,265 INFO loginWxView.py logoutTask (line:137)[1850][Thread-14][select if_start from wx_account_info where wx_login_id='xixia3693']
2018-09-03 06:45:16,323 INFO loginWxView.py logoutTask (line:154)[1850][Thread-14][insert into wxAuto.wx_task_manage(taskSeq,uuid,actionType,createTime,priority,status)values('1535957117119',(select uuid from wx_account_info where wx_login_id='xixia3693'),20,now(),0,1)]
2018-09-03 06:45:16,469 INFO loginWxView.py logoutTask (line:157)[1850][Thread-14][insert into wxAuto.wx_login_task(taskSeq,wx_id,type)VALUES (1535957117119,'xixia3693','0') ]
2018-09-03 06:50:12,613 INFO loginWxView.py loginTask (line:85)[1850][Thread-139][insert into wxAuto.wx_task_manage(taskSeq,uuid,actionType,createTime,priority,status)values('1535957413163',(select uuid from wx_account_info where wx_login_id='linlinyu0931'),19,now(),0,1)]
2018-09-03 07:07:05,925 INFO loginWxView.py logoutTask (line:137)[1850][Thread-248][select if_start from wx_account_info where wx_login_id='zaza3693']
2018-09-03 07:07:05,987 INFO loginWxView.py logoutTask (line:154)[1850][Thread-248][insert into wxAuto.wx_task_manage(taskSeq,uuid,actionType,createTime,priority,status)values('1535958426596',(select uuid from wx_account_info where wx_login_id='zaza3693'),20,now(),0,1)]
2018-09-03 07:07:06,073 INFO loginWxView.py logoutTask (line:157)[1850][Thread-248][insert into wxAuto.wx_login_task(taskSeq,wx_id,type)VALUES (1535958426596,'zaza3693','0') ]
2018-09-03 07:07:28,669 INFO loginWxView.py loginTask (line:85)[1850][Thread-263][insert into wxAuto.wx_task_manage(taskSeq,uuid,actionType,createTime,priority,status)values('1535958449594',(select uuid from wx_account_info where wx_login_id='zaza3693'),19,now(),0,1)]
2018-09-03 07:11:08,134 INFO loginWxView.py logoutTask (line:137)[1850][Thread-273][select if_start from wx_account_info where wx_login_id='zaza3693']
2018-09-03 07:11:08,186 INFO loginWxView.py logoutTask (line:154)[1850][Thread-273][insert into wxAuto.wx_task_manage(taskSeq,uuid,actionType,createTime,priority,status)values('1535958668526',(select uuid from wx_account_info where wx_login_id='zaza3693'),20,now(),0,1)]
2018-09-03 07:11:08,287 INFO loginWxView.py logoutTask (line:157)[1850][Thread-273][insert into wxAuto.wx_login_task(taskSeq,wx_id,type)VALUES (1535958668526,'zaza3693','0') ]
2018-09-03 07:11:26,638 INFO loginWxView.py loginTask (line:85)[1850][Thread-286][insert into wxAuto.wx_task_manage(taskSeq,uuid,actionType,createTime,priority,status)values('1535958687190',(select uuid from wx_account_info where wx_login_id='zaza3693'),19,now(),0,1)]
2018-09-03 07:11:52,407 INFO loginWxView.py logoutTask (line:137)[1850][Thread-300][select if_start from wx_account_info where wx_login_id='zaza3693']
2018-09-03 07:11:52,461 INFO loginWxView.py logoutTask (line:154)[1850][Thread-300][insert into wxAuto.wx_task_manage(taskSeq,uuid,actionType,createTime,priority,status)values('1535958712856',(select uuid from wx_account_info where wx_login_id='zaza3693'),20,now(),0,1)]
2018-09-03 07:11:52,564 INFO loginWxView.py logoutTask (line:157)[1850][Thread-300][insert into wxAuto.wx_login_task(taskSeq,wx_id,type)VALUES (1535958712856,'zaza3693','0') ]
2018-09-03 07:12:11,756 INFO loginWxView.py loginTask (line:85)[1850][Thread-309][insert into wxAuto.wx_task_manage(taskSeq,uuid,actionType,createTime,priority,status)values('1535958732441',(select uuid from wx_account_info where wx_login_id='zaza3693'),19,now(),0,1)]
2018-09-03 07:15:30,822 INFO loginWxView.py logoutTask (line:137)[1850][Thread-585][select if_start from wx_account_info where wx_login_id='zaza3693']
2018-09-03 07:15:44,966 INFO loginWxView.py logoutTask (line:137)[1850][Thread-651][select if_start from wx_account_info where wx_login_id='guaiguai3693']
2018-09-03 07:15:45,023 INFO loginWxView.py logoutTask (line:154)[1850][Thread-651][insert into wxAuto.wx_task_manage(taskSeq,uuid,actionType,createTime,priority,status)values('1535958945955',(select uuid from wx_account_info where wx_login_id='guaiguai3693'),20,now(),0,1)]
2018-09-03 07:15:45,125 INFO loginWxView.py logoutTask (line:157)[1850][Thread-651][insert into wxAuto.wx_login_task(taskSeq,wx_id,type)VALUES (1535958945955,'guaiguai3693','0') ]
2018-09-03 07:16:56,874 INFO loginWxView.py loginTask (line:85)[1850][Thread-770][insert into wxAuto.wx_task_manage(taskSeq,uuid,actionType,createTime,priority,status)values('1535959017778',(select uuid from wx_account_info where wx_login_id='nanian3693'),19,now(),0,1)]
2018-09-03 07:28:23,898 INFO loginWxView.py logoutTask (line:137)[1850][Thread-1093][select if_start from wx_account_info where wx_login_id='xiaobamu001']
2018-09-03 07:28:23,965 INFO loginWxView.py logoutTask (line:154)[1850][Thread-1093][insert into wxAuto.wx_task_manage(taskSeq,uuid,actionType,createTime,priority,status)values('1535959704458',(select uuid from wx_account_info where wx_login_id='xiaobamu001'),20,now(),0,1)]
2018-09-03 07:28:24,045 INFO loginWxView.py logoutTask (line:157)[1850][Thread-1093][insert into wxAuto.wx_login_task(taskSeq,wx_id,type)VALUES (1535959704458,'xiaobamu001','0') ]
2018-09-03 07:28:37,799 INFO loginWxView.py loginTask (line:85)[1850][Thread-1103][insert into wxAuto.wx_task_manage(taskSeq,uuid,actionType,createTime,priority,status)values('1535959717945',(select uuid from wx_account_info where wx_login_id='xiaobamu001'),19,now(),0,1)]
2018-09-03 07:41:46,640 INFO loginWxView.py logoutTask (line:137)[2382][Thread-15][select if_start from wx_account_info where wx_login_id='xiaobamu001']
2018-09-03 07:41:46,693 INFO loginWxView.py logoutTask (line:154)[2382][Thread-15][insert into wxAuto.wx_task_manage(taskSeq,uuid,actionType,createTime,priority,status)values('1535960507457',(select uuid from wx_account_info where wx_login_id='xiaobamu001'),20,now(),0,1)]
2018-09-03 07:41:46,801 INFO loginWxView.py logoutTask (line:157)[2382][Thread-15][insert into wxAuto.wx_login_task(taskSeq,wx_id,type)VALUES (1535960507457,'xiaobamu001','0') ]
2018-09-03 07:42:01,905 INFO loginWxView.py loginTask (line:85)[2382][Thread-25][insert into wxAuto.wx_task_manage(taskSeq,uuid,actionType,createTime,priority,status)values('1535960522810',(select uuid from wx_account_info where wx_login_id='xiaobamu001'),19,now(),0,1)]
